timestamp: 2011-03-12T02:19:01.335722
CREATE TABLE users(
    id INTEGER PRIMARY KEY AUTOINCREMENT,
    name CHAR(512),
    email CHAR(512)
);
success!
timestamp: 2011-03-12T02:19:01.481518
CREATE TABLE dogs(
    id INTEGER PRIMARY KEY AUTOINCREMENT,
    owner_id INTEGER REFERENCES users(id) ON DELETE CASCADE,
    name CHAR(512),
    type CHAR(512),
    vaccinated CHAR(1),
    picture CHAR(512)
);
success!
timestamp: 2011-03-12T02:19:01.591146
CREATE TABLE products(
    id INTEGER PRIMARY KEY AUTOINCREMENT,
    name CHAR(512),
    description TEXT
);
success!
timestamp: 2011-03-12T02:19:01.716497
CREATE TABLE purchases(
    id INTEGER PRIMARY KEY AUTOINCREMENT,
    buyer_id INTEGER REFERENCES users(id) ON DELETE CASCADE,
    product_id INTEGER REFERENCES products(id) ON DELETE CASCADE,
    quantity INTEGER
);
success!
